[INFO] Scanning for projects...
[INFO] ------------------------------------------------------------------------
[INFO] Reactor Build Order:
[INFO] 
[INFO] LOCAL_PROJECT Codes Master
[INFO] LOCAL_PROJECT Routines
[INFO] LOCAL_PROJECT contextDemo (Job Designs)
[INFO] 
[INFO] Using the builder org.apache.maven.lifecycle.internal.builder.singlethreaded.SingleThreadedBuilder with a thread count of 1
[INFO]                                                                         
[INFO] ------------------------------------------------------------------------
[INFO] Building LOCAL_PROJECT Codes Master 6.3.1
[INFO] ------------------------------------------------------------------------
[INFO]                                                                         
[INFO] ------------------------------------------------------------------------
[INFO] Building LOCAL_PROJECT Routines 6.3.1
[INFO] ------------------------------------------------------------------------
[INFO] 
[INFO] --- maven-resources-plugin:2.7:resources (default-resources) @ routines ---
[INFO] Using 'UTF-8' encoding to copy filtered resources.
[INFO] Copying 40 resources
[INFO] 
[INFO] --- maven-compiler-plugin:2.5.1:compile (default-compile) @ routines ---
[INFO] Nothing to compile - all classes are up to date
[INFO] 
[INFO] --- maven-resources-plugin:2.7:testResources (default-testResources) @ routines ---
[INFO] Using 'UTF-8' encoding to copy filtered resources.
[INFO] Copying 0 resource
[INFO] 
[INFO] --- maven-compiler-plugin:2.5.1:testCompile (default-testCompile) @ routines ---
[INFO] Nothing to compile - all classes are up to date
[INFO] 
[INFO] --- maven-surefire-plugin:2.12.4:test (default-test) @ routines ---
[INFO] Tests are skipped.
[INFO] 
[INFO] --- maven-jar-plugin:2.6:jar (default-jar) @ routines ---
[INFO] Building jar: /home/anshul/Downloads/TOS_DI-20161216_1026-V6.3.1/workspace/.Java/target/routines-6.3.1.jar
[INFO]                                                                         
[INFO] ------------------------------------------------------------------------
[INFO] Building LOCAL_PROJECT contextDemo (Job Designs) 0.1
[INFO] ------------------------------------------------------------------------
[INFO] 
[INFO] --- maven-resources-plugin:2.7:resources (default-resources) @ contextDemo ---
[INFO] Using 'UTF-8' encoding to copy filtered resources.
[INFO] Copying 0 resource
[INFO] 
[INFO] --- maven-compiler-plugin:2.5.1:compile (default-compile) @ contextDemo ---
[INFO] Nothing to compile - all classes are up to date
[INFO] 
[INFO] --- maven-resources-plugin:2.7:copy-resources (copy-running-resources) @ contextDemo ---
[INFO] Using 'UTF-8' encoding to copy filtered resources.
[INFO] Copying 1 resource
[INFO] 
[INFO] --- maven-resources-plugin:2.7:testResources (default-testResources) @ contextDemo ---
[INFO] Using 'UTF-8' encoding to copy filtered resources.
[INFO] Copying 0 resource
[INFO] 
[INFO] --- maven-compiler-plugin:2.5.1:testCompile (default-testCompile) @ contextDemo ---
[INFO] Nothing to compile - all classes are up to date
[INFO] 
[INFO] --- maven-surefire-plugin:2.12.4:test (default-test) @ contextDemo ---
[INFO] Tests are skipped.
[INFO] 
[INFO] --- maven-jar-plugin:2.6:jar (default-jar) @ contextDemo ---
[INFO] Building jar: /home/anshul/Downloads/TOS_DI-20161216_1026-V6.3.1/workspace/.Java/target/contextdemo_0_1.jar
[INFO] 
[INFO] --- maven-assembly-plugin:2.5.5:single (default) @ contextDemo ---
[INFO] Reading assembly descriptor: /home/anshul/Downloads/TOS_DI-20161216_1026-V6.3.1/workspace/.Java/src/main/assemblies/assembly_contextDemo_0.1.xml
[WARNING] The following patterns were never triggered in this artifact inclusion filter:
o  '${pigudfs.binaries.includes.set}'

[WARNING] The following patterns were never triggered in this artifact exclusion filter:
o  'org.talend.job.local_project:*'

[INFO] Building zip: /home/anshul/Downloads/TOS_DI-20161216_1026-V6.3.1/workspace/.Java/target/contextdemo_0_1.zip
[INFO] ------------------------------------------------------------------------
[INFO] Reactor Summary:
[INFO] 
[INFO] LOCAL_PROJECT Codes Master ........................ SUCCESS [  0.002 s]
[INFO] LOCAL_PROJECT Routines ............................ SUCCESS [  1.513 s]
[INFO] LOCAL_PROJECT contextDemo (Job Designs) ........... SUCCESS [  1.268 s]
[INFO] ------------------------------------------------------------------------
[INFO] BUILD SUCCESS
[INFO] ------------------------------------------------------------------------
[INFO] Total time: 2.958 s
[INFO] Finished at: 2017-04-11T13:51:59+05:30
[INFO] Final Memory: 11M/214M
[INFO] ------------------------------------------------------------------------
